# JRE version: Java(TM) SE Runtime Environment (24.0.2+12) (build 24.0.2+12-54)
# Java VM: Java HotSpot(TM) 64-Bit Server VM (24.0.2+12-54, mixed mode, emulated-client, sharing, tiered, compressed oops, compressed class ptrs, g1 gc, windows-amd64)
GC Precious Log:
 CardTable entry size: 512
 Card Set container configuration: InlinePtr #cards 5 size 8 Array Of Cards #cards 10 size 36 Howl #buckets 4 coarsen threshold 1843 Howl Bitmap #cards 512 size 80 coarsen threshold 460 Card regions per heap region 1 cards per card region 2048
 CPUs: 8 total, 8 available
 Memory: 8014M
 Large Page Support: Disabled
 NUMA Support: Disabled
 Compressed Oops: Enabled (32-bit)
 Heap Region Size: 1M
 Heap Min Capacity: 8M
 Heap Initial Capacity: 126M
 Heap Max Capacity: 2004M
 Pre-touch: Disabled
 Parallel Workers: 8
 Concurrent Workers: 2
 Concurrent Refinement Workers: 8
 Periodic GC: Disabled
Heap:
 garbage-first heap   total reserved 2052096K, committed 84992K, used 35466K [0x0000000082c00000, 0x0000000100000000)
  region size 1024K, 10 young (10240K), 5 survivors (5120K)
 Metaspace       used 73906K, committed 74624K, reserved 1179648K
  class space    used 8205K, committed 8512K, reserved 1048576K
GC Heap History (20 events):
Event: 255907.793 GC heap before
{Heap before GC invocations=51 (full 7):
 garbage-first heap   total reserved 2052096K, committed 84992K, used 35676K [0x0000000082c00000, 0x0000000100000000)
  region size 1024K, 6 young (6144K), 2 survivors (2048K)
 Metaspace       used 72449K, committed 73088K, reserved 1114112K
  class space    used 8063K, committed 8320K, reserved 1048576K
}
Event: 255907.836 GC heap after
{Heap after GC invocations=52 (full 8):
 garbage-first heap   total reserved 2052096K, committed 84992K, used 24248K [0x0000000082c00000, 0x0000000100000000)
  region size 1024K, 0 young (0K), 0 survivors (0K)
 Metaspace       used 72396K, committed 73088K, reserved 1114112K
  class space    used 8048K, committed 8320K, reserved 1048576K
}
Event: 255908.456 GC heap before
{Heap before GC invocations=52 (full 8):
 garbage-first heap   total reserved 2052096K, committed 84992K, used 70328K [0x0000000082c00000, 0x0000000100000000)
  region size 1024K, 46 young (47104K), 0 survivors (0K)
 Metaspace       used 72665K, committed 73408K, reserved 1114112K
  class space    used 8105K, committed 8448K, reserved 1048576K
}
Event: 255908.462 GC heap after
{Heap after GC invocations=53 (full 8):
 garbage-first heap   total reserved 2052096K, committed 84992K, used 29959K [0x0000000082c00000, 0x0000000100000000)
  region size 1024K, 6 young (6144K), 6 survivors (6144K)
 Metaspace       used 72665K, committed 73408K, reserved 1114112K
  class space    used 8105K, committed 8448K, reserved 1048576K
}
Event: 256003.802 GC heap before
{Heap before GC invocations=54 (full 8):
 garbage-first heap   total reserved 2052096K, committed 84992K, used 57607K [0x0000000082c00000, 0x0000000100000000)
  region size 1024K, 34 young (34816K), 6 survivors (6144K)
 Metaspace       used 72898K, committed 73664K, reserved 1114112K
  class space    used 8132K, committed 8448K, reserved 1048576K
}
Event: 256003.846 GC heap after
{Heap after GC invocations=55 (full 9):
 garbage-first heap   total reserved 2052096K, committed 84992K, used 27429K [0x0000000082c00000, 0x0000000100000000)
  region size 1024K, 0 young (0K), 0 survivors (0K)
 Metaspace       used 72842K, committed 73664K, reserved 1114112K
  class space    used 8117K, committed 8448K, reserved 1048576K
}
Event: 256004.460 GC heap before
{Heap before GC invocations=55 (full 9):
 garbage-first heap   total reserved 2052096K, committed 84992K, used 70437K [0x0000000082c00000, 0x0000000100000000)
  region size 1024K, 43 young (44032K), 0 survivors (0K)
 Metaspace       used 73052K, committed 73792K, reserved 1114112K
  class space    used 8140K, committed 8448K, reserved 1048576K
}
Event: 256004.465 GC heap after
{Heap after GC invocations=56 (full 9):
 garbage-first heap   total reserved 2052096K, committed 84992K, used 31857K [0x0000000082c00000, 0x0000000100000000)
  region size 1024K, 5 young (5120K), 5 survivors (5120K)
 Metaspace       used 73052K, committed 73792K, reserved 1114112K
  class space    used 8140K, committed 8448K, reserved 1048576K
}
Event: 256104.354 GC heap before
{Heap before GC invocations=57 (full 9):
 garbage-first heap   total reserved 2052096K, committed 84992K, used 55409K [0x0000000082c00000, 0x0000000100000000)
  region size 1024K, 29 young (29696K), 5 survivors (5120K)
 Metaspace       used 73049K, committed 73856K, reserved 1114112K
  class space    used 8119K, committed 8448K, reserved 1048576K
}
Event: 256104.394 GC heap after
{Heap after GC invocations=58 (full 10):
 garbage-first heap   total reserved 2052096K, committed 84992K, used 27463K [0x0000000082c00000, 0x0000000100000000)
  region size 1024K, 0 young (0K), 0 survivors (0K)
 Metaspace       used 73046K, committed 73856K, reserved 1114112K
  class space    used 8119K, committed 8448K, reserved 1048576K
}
Event: 256104.876 GC heap before
{Heap before GC invocations=58 (full 10):
 garbage-first heap   total reserved 2052096K, committed 84992K, used 70471K [0x0000000082c00000, 0x0000000100000000)
  region size 1024K, 43 young (44032K), 0 survivors (0K)
 Metaspace       used 73268K, committed 73984K, reserved 1179648K
  class space    used 8144K, committed 8448K, reserved 1048576K
}
Event: 256104.879 GC heap after
{Heap after GC invocations=59 (full 10):
 garbage-first heap   total reserved 2052096K, committed 84992K, used 31864K [0x0000000082c00000, 0x0000000100000000)
  region size 1024K, 5 young (5120K), 5 survivors (5120K)
 Metaspace       used 73268K, committed 73984K, reserved 1179648K
  class space    used 8144K, committed 8448K, reserved 1048576K
}
Event: 256139.584 GC heap before
{Heap before GC invocations=60 (full 10):
 garbage-first heap   total reserved 2052096K, committed 84992K, used 49272K [0x0000000082c00000, 0x0000000100000000)
  region size 1024K, 23 young (23552K), 5 survivors (5120K)
 Metaspace       used 73358K, committed 74048K, reserved 1179648K
  class space    used 8151K, committed 8448K, reserved 1048576K
}
Event: 256139.621 GC heap after
{Heap after GC invocations=61 (full 11):
 garbage-first heap   total reserved 2052096K, committed 84992K, used 27577K [0x0000000082c00000, 0x0000000100000000)
  region size 1024K, 0 young (0K), 0 survivors (0K)
 Metaspace       used 73355K, committed 74048K, reserved 1179648K
  class space    used 8150K, committed 8448K, reserved 1048576K
}
Event: 256140.076 GC heap before
{Heap before GC invocations=61 (full 11):
 garbage-first heap   total reserved 2052096K, committed 84992K, used 70585K [0x0000000082c00000, 0x0000000100000000)
  region size 1024K, 43 young (44032K), 0 survivors (0K)
 Metaspace       used 73560K, committed 74304K, reserved 1179648K
  class space    used 8172K, committed 8512K, reserved 1048576K
}
Event: 256140.080 GC heap after
{Heap after GC invocations=62 (full 11):
 garbage-first heap   total reserved 2052096K, committed 84992K, used 31971K [0x0000000082c00000, 0x0000000100000000)
  region size 1024K, 5 young (5120K), 5 survivors (5120K)
 Metaspace       used 73560K, committed 74304K, reserved 1179648K
  class space    used 8172K, committed 8512K, reserved 1048576K
}
Event: 256293.801 GC heap before
{Heap before GC invocations=63 (full 11):
 garbage-first heap   total reserved 2052096K, committed 84992K, used 59619K [0x0000000082c00000, 0x0000000100000000)
  region size 1024K, 33 young (33792K), 5 survivors (5120K)
 Metaspace       used 73650K, committed 74368K, reserved 1179648K
  class space    used 8178K, committed 8512K, reserved 1048576K
}
Event: 256293.843 GC heap after
{Heap after GC invocations=64 (full 12):
 garbage-first heap   total reserved 2052096K, committed 84992K, used 27803K [0x0000000082c00000, 0x0000000100000000)
  region size 1024K, 0 young (0K), 0 survivors (0K)
 Metaspace       used 73645K, committed 74368K, reserved 1179648K
  class space    used 8177K, committed 8512K, reserved 1048576K
}
Event: 256294.282 GC heap before
{Heap before GC invocations=64 (full 12):
 garbage-first heap   total reserved 2052096K, committed 84992K, used 70811K [0x0000000082c00000, 0x0000000100000000)
  region size 1024K, 43 young (44032K), 0 survivors (0K)
 Metaspace       used 73855K, committed 74560K, reserved 1179648K
  class space    used 8203K, committed 8512K, reserved 1048576K
}
Event: 256294.285 GC heap after
{Heap after GC invocations=65 (full 12):
 garbage-first heap   total reserved 2052096K, committed 84992K, used 32394K [0x0000000082c00000, 0x0000000100000000)
  region size 1024K, 5 young (5120K), 5 survivors (5120K)
 Metaspace       used 73855K, committed 74560K, reserved 1179648K
  class space    used 8203K, committed 8512K, reserved 1048576K
}

